


ARM Macro Assembler    Page 1 


    1 00000000         ;/*-----------------------------------------------------
                       ----------------------------------------------------*/
    2 00000000         ;/* Holtek Semiconductor Inc.                           
                                                                           */
    3 00000000         ;/*                                                     
                                                                           */
    4 00000000         ;/* Copyright (C) Holtek Semiconductor Inc.             
                                                                           */
    5 00000000         ;/* All rights reserved.                                
                                                                           */
    6 00000000         ;/*                                                     
                                                                           */
    7 00000000         ;/*-----------------------------------------------------
                       ------------------------------------------------------
    8 00000000         ;  File Name        : startup_ht32f5xxxx_01.s
    9 00000000         ;  Version          : $Rev:: 2386         $
   10 00000000         ;  Date             : $Date:: 2017-12-21 #$
   11 00000000         ;  Description      : Startup code.
   12 00000000         ;-------------------------------------------------------
                       ----------------------------------------------------*/
   13 00000000         
   14 00000000         ;  Supported Device
   15 00000000         ;  ========================================
   16 00000000         ;   HT32F52220, HT32F52230
   17 00000000         ;   HT32F52231, HT32F52241
   18 00000000         ;   HT32F52331, HT32F52341
   19 00000000         ;   HT32F52342, HT32F52352
   20 00000000         ;   HT32F52243, HT32F52253
   21 00000000         ;   HT32F0008
   22 00000000         
   23 00000000         ;/* <<< Use Configuration Wizard in Context Menu >>>    
                                                                           */
   24 00000000         
   25 00000000         ;// <o>  HT32 Device
   26 00000000         ;//      <0=> By Project Asm Define
   27 00000000         ;//      <1=> HT32F52220/30
   28 00000000         ;//      <2=> HT32F52231/41
   29 00000000         ;//      <3=> HT32F52331/41
   30 00000000         ;//      <4=> HT32F52342/52
   31 00000000         ;//      <5=> HT32F52243/53
   32 00000000         ;//      <6=> HT32F0008
   33 00000000 00000004 
                       USE_HT32_CHIP_SET
                               EQU              4
   34 00000000         
   35 00000000 FFFFFFFF 
                       _HT32FWID
                               EQU              0xFFFFFFFF
   36 00000000         ;_HT32FWID           EQU     0x00052220
   37 00000000         ;_HT32FWID           EQU     0x00052230
   38 00000000         ;_HT32FWID           EQU     0x00052231
   39 00000000         ;_HT32FWID           EQU     0x00052241
   40 00000000         ;_HT32FWID           EQU     0x00052331
   41 00000000         ;_HT32FWID           EQU     0x00052341
   42 00000000         ;_HT32FWID           EQU     0x00052342
   43 00000000         ;_HT32FWID           EQU     0x00052352
   44 00000000         ;_HT32FWID           EQU     0x00052243
   45 00000000         ;_HT32FWID           EQU     0x00052253
   46 00000000         ;_HT32FWID           EQU     0x00000008



ARM Macro Assembler    Page 2 


   47 00000000         
   48 00000000 00000001 
                       HT32F52220_30
                               EQU              1
   49 00000000 00000002 
                       HT32F52231_41
                               EQU              2
   50 00000000 00000003 
                       HT32F52331_41
                               EQU              3
   51 00000000 00000004 
                       HT32F52342_52
                               EQU              4
   52 00000000 00000005 
                       HT32F52243_53
                               EQU              5
   53 00000000 00000006 
                       HT32F0008
                               EQU              6
   54 00000000         
   55 00000000                 IF               USE_HT32_CHIP_SET=0
   57 00000000 00000004 
                       USE_HT32_CHIP
                               EQU              USE_HT32_CHIP_SET
   58 00000000                 ENDIF
   59 00000000         
   60 00000000         ; Amount of memory (in bytes) allocated for Stack and He
                       ap
   61 00000000         ; Tailor those values to your application needs
   62 00000000         ;//   <o> Stack Size (in Bytes, must 8 byte aligned) <0-
                       16384:8>
   63 00000000 00000200 
                       Stack_Size
                               EQU              512
   64 00000000         
   65 00000000                 AREA             STACK, NOINIT, READWRITE, ALIGN
 = 3
   66 00000000         Stack_Mem
                               SPACE            Stack_Size
   67 00000200         __initial_sp
   68 00000200         
   69 00000200         ;//   <o>  Heap Size (in Bytes) <0-16384:8>
   70 00000200 00000000 
                       Heap_Size
                               EQU              0
   71 00000200         
   72 00000200                 AREA             HEAP, NOINIT, READWRITE, ALIGN 
= 3
   73 00000000         __heap_base
   74 00000000         Heap_Mem
                               SPACE            Heap_Size
   75 00000000         __heap_limit
   76 00000000         
   77 00000000                 PRESERVE8
   78 00000000                 THUMB
   79 00000000         
   80 00000000         ;*******************************************************
                       ************************
   81 00000000         ; Fill-up the Vector Table entries with the exceptions I



ARM Macro Assembler    Page 3 


                       SR address
   82 00000000         ;*******************************************************
                       ************************
   83 00000000                 AREA             RESET, CODE, READONLY
   84 00000000                 EXPORT           __Vectors
   85 00000000 FFFFFFFF 
                       _RESERVED
                               EQU              0xFFFFFFFF
   86 00000000         __Vectors
   87 00000000 00000000        DCD              __initial_sp ; ---, 00, 0x000, 
                                                            Top address of Stac
                                                            k
   88 00000004 00000000        DCD              Reset_Handler ; ---, 01, 0x004,
                                                             Reset Handler
   89 00000008 00000000        DCD              NMI_Handler ; -14, 02, 0x008, N
                                                            MI Handler
   90 0000000C 00000000        DCD              HardFault_Handler ; -13, 03, 0x
                                                            00C, Hard Fault Han
                                                            dler
   91 00000010 FFFFFFFF        DCD              _RESERVED   ; ---, 04, 0x010, R
                                                            eserved
   92 00000014 FFFFFFFF        DCD              _RESERVED   ; ---, 05, 0x014, R
                                                            eserved
   93 00000018 FFFFFFFF        DCD              _RESERVED   ; ---, 06, 0x018, R
                                                            eserved
   94 0000001C FFFFFFFF        DCD              _RESERVED   ; ---, 07, 0x01C, R
                                                            eserved
   95 00000020 FFFFFFFF        DCD              _HT32FWID   ; ---, 08, 0x020, R
                                                            eserved
   96 00000024 FFFFFFFF        DCD              _RESERVED   ; ---, 09, 0x024, R
                                                            eserved
   97 00000028 FFFFFFFF        DCD              _RESERVED   ; ---, 10, 0x028, R
                                                            eserved
   98 0000002C 00000000        DCD              SVC_Handler ; -05, 11, 0x02C, S
                                                            VC Handler
   99 00000030 FFFFFFFF        DCD              _RESERVED   ; ---, 12, 0x030, R
                                                            eserved
  100 00000034 FFFFFFFF        DCD              _RESERVED   ; ---, 13, 0x034, R
                                                            eserved
  101 00000038 00000000        DCD              PendSV_Handler ; -02, 14, 0x038
                                                            , PendSV Handler
  102 0000003C 00000000        DCD              SysTick_Handler ; -01, 15, 0x03
                                                            C, SysTick Handler
  103 00000040         
  104 00000040         ; External Interrupt Handler
  105 00000040 00000000        DCD              LVD_BOD_IRQHandler 
                                                            ;  00, 16, 0x040,
  106 00000044                 IF               (USE_HT32_CHIP=HT32F52220_30)
  109 00000044 00000000        DCD              RTC_IRQHandler 
                                                            ;  01, 17, 0x044,
  110 00000048                 ENDIF
  111 00000048 00000000        DCD              FLASH_IRQHandler 
                                                            ;  02, 18, 0x048,
  112 0000004C 00000000        DCD              EVWUP_IRQHandler 
                                                            ;  03, 19, 0x04C,
  113 00000050 00000000        DCD              EXTI0_1_IRQHandler 
                                                            ;  04, 20, 0x050,
  114 00000054 00000000        DCD              EXTI2_3_IRQHandler 
                                                            ;  05, 21, 0x054,



ARM Macro Assembler    Page 4 


  115 00000058 00000000        DCD              EXTI4_15_IRQHandler 
                                                            ;  06, 22, 0x058,
  116 0000005C                 IF               (USE_HT32_CHIP=HT32F52342_52)
  117 0000005C 00000000        DCD              COMP_IRQHandler 
                                                            ;  07, 23, 0x05C,
  118 00000060                 ELSE
  120                          ENDIF
  121 00000060                 IF               (USE_HT32_CHIP=HT32F0008)
  124 00000060 00000000        DCD              ADC_IRQHandler 
                                                            ;  08, 24, 0x060,
  125 00000064                 ENDIF
  126 00000064                 IF               (USE_HT32_CHIP=HT32F52243_53)
  129 00000064 FFFFFFFF        DCD              _RESERVED   ;  09, 25, 0x064,
  130 00000068                 ENDIF
  131 00000068                 IF               (USE_HT32_CHIP=HT32F52220_30) |
| (USE_HT32_CHIP=HT32F0008)
  134 00000068 00000000        DCD              MCTM0_IRQHandler 
                                                            ;  10, 26, 0x068,
  135 0000006C                 ENDIF
  136 0000006C                 IF               (USE_HT32_CHIP=HT32F52342_52)
  137 0000006C 00000000        DCD              GPTM1_IRQHandler 
                                                            ;  11, 27, 0x06C,
  138 00000070                 ELSE
  140                          ENDIF
  141 00000070 00000000        DCD              GPTM0_IRQHandler 
                                                            ;  12, 28, 0x070,
  142 00000074                 IF               (USE_HT32_CHIP=HT32F0008)
  146 00000074 00000000        DCD              SCTM0_IRQHandler 
                                                            ;  13, 29, 0x074,
  147 00000078 00000000        DCD              SCTM1_IRQHandler 
                                                            ;  14, 30, 0x078,
  148 0000007C                 ENDIF
  149 0000007C                 IF               (USE_HT32_CHIP=HT32F52231_41)||
(USE_HT32_CHIP=HT32F52331_41)||(USE_HT32_CHIP=HT32F52243_53)
  152                          ENDIF
  153 0000007C                 IF               (USE_HT32_CHIP=HT32F0008)
  156                          ENDIF
  157 0000007C                 IF               (USE_HT32_CHIP=HT32F52220_30) |
| (USE_HT32_CHIP=HT32F52342_52)
  158 0000007C FFFFFFFF        DCD              _RESERVED   ;  15, 31, 0x07C,
  159 00000080 FFFFFFFF        DCD              _RESERVED   ;  16, 32, 0x080,
  160 00000084                 ENDIF
  161 00000084 00000000        DCD              BFTM0_IRQHandler 
                                                            ;  17, 33, 0x084,
  162 00000088                 IF               (USE_HT32_CHIP=HT32F52220_30)
  165 00000088 00000000        DCD              BFTM1_IRQHandler 
                                                            ;  18, 34, 0x088,
  166 0000008C                 ENDIF
  167 0000008C 00000000        DCD              I2C0_IRQHandler 
                                                            ;  19, 35, 0x08C,
  168 00000090                 IF               (USE_HT32_CHIP=HT32F52220_30) |
| (USE_HT32_CHIP=HT32F0008)
  171 00000090 00000000        DCD              I2C1_IRQHandler 
                                                            ;  20, 36, 0x090,
  172 00000094                 ENDIF
  173 00000094 00000000        DCD              SPI0_IRQHandler 
                                                            ;  21, 37, 0x094,
  174 00000098                 IF               (USE_HT32_CHIP=HT32F52220_30) |
| (USE_HT32_CHIP=HT32F0008)



ARM Macro Assembler    Page 5 


  177 00000098 00000000        DCD              SPI1_IRQHandler 
                                                            ;  22, 38, 0x098,
  178 0000009C                 ENDIF
  179 0000009C 00000000        DCD              USART0_IRQHandler 
                                                            ;  23, 39, 0x09C,
  180 000000A0                 IF               (USE_HT32_CHIP=HT32F52342_52)||
(USE_HT32_CHIP=HT32F52243_53)
  181 000000A0 00000000        DCD              USART1_IRQHandler 
                                                            ;  24, 40, 0x0A0,
  182 000000A4                 ELSE
  184                          ENDIF
  185 000000A4 00000000        DCD              UART0_IRQHandler 
                                                            ;  25, 41, 0x0A4,
  186 000000A8                 IF               (USE_HT32_CHIP=HT32F52220_30) |
| (USE_HT32_CHIP=HT32F0008)
  189 000000A8 00000000        DCD              UART1_IRQHandler 
                                                            ;  26, 42, 0x0A8,
  190 000000AC                 ENDIF
  191 000000AC                 IF               (USE_HT32_CHIP=HT32F52331_41)||
(USE_HT32_CHIP=HT32F52342_52)
  192 000000AC 00000000        DCD              SCI_IRQHandler 
                                                            ;  27, 43, 0x0AC,
  193 000000B0                 ENDIF
  194 000000B0                 IF               (USE_HT32_CHIP=HT32F52243_53)
  196                          ENDIF
  197 000000B0                 IF               (USE_HT32_CHIP=HT32F0008)
  199                          ENDIF
  200 000000B0                 IF               (USE_HT32_CHIP=HT32F52342_52)
  201 000000B0 00000000        DCD              I2S_IRQHandler 
                                                            ;  28, 44, 0x0B0,
  202 000000B4                 ENDIF
  203 000000B4                 IF               (USE_HT32_CHIP=HT32F52331_41)
  205                          ENDIF
  206 000000B4                 IF               (USE_HT32_CHIP=HT32F52243_53)
  208                          ENDIF
  209 000000B4                 IF               (USE_HT32_CHIP=HT32F0008)
  211                          ENDIF
  212 000000B4                 IF               (USE_HT32_CHIP=HT32F52331_41) |
| (USE_HT32_CHIP=HT32F52342_52) || (USE_HT32_CHIP=HT32F0008)
  213 000000B4 00000000        DCD              USB_IRQHandler 
                                                            ;  29, 45, 0x0B4,
  214 000000B8                 ENDIF
  215 000000B8                 IF               (USE_HT32_CHIP=HT32F52243_53)
  217                          ENDIF
  218 000000B8                 IF               (USE_HT32_CHIP=HT32F52342_52) |
| (USE_HT32_CHIP=HT32F52243_53) || (USE_HT32_CHIP=HT32F0008)
  219 000000B8 00000000        DCD              PDMA_CH0_1_IRQHandler 
                                                            ;  30, 46, 0x0B8,
  220 000000BC 00000000        DCD              PDMA_CH2_5_IRQHandler 
                                                            ;  31, 47, 0x0BC,
  221 000000C0                 ENDIF
  222 000000C0         
  223 000000C0         ; Reset handler routine
  224 000000C0         Reset_Handler
                               PROC
  225 000000C0                 EXPORT           Reset_Handler                  
 [WEAK]
  226 000000C0                 IMPORT           SystemInit
  227 000000C0                 IMPORT           __main



ARM Macro Assembler    Page 6 


  228 000000C0 4813            LDR              R0, =BootProcess
  229 000000C2 4780            BLX              R0
  230 000000C4 4813            LDR              R0, =SystemInit
  231 000000C6 4780            BLX              R0
  232 000000C8 4813            LDR              R0, =__main
  233 000000CA 4700            BX               R0
  234 000000CC                 ENDP
  235 000000CC         
  236 000000CC         BootProcess
                               PROC
  237 000000CC 4813            LDR              R0, =0x40080300
  238 000000CE 6901            LDR              R1,[R0, #0x10]
  239 000000D0 2900            CMP              R1, #0
  240 000000D2 D110            BNE              SysStart
  241 000000D4 6941            LDR              R1,[R0, #0x14]
  242 000000D6 2900            CMP              R1, #0
  243 000000D8 D10D            BNE              SysStart
  244 000000DA 6981            LDR              R1,[R0, #0x18]
  245 000000DC 2900            CMP              R1, #0
  246 000000DE D10A            BNE              SysStart
  247 000000E0 69C1            LDR              R1,[R0, #0x1C]
  248 000000E2 2900            CMP              R1, #0
  249 000000E4 D107            BNE              SysStart
  250 000000E6 F3BF 8F4F       DSB
  251 000000EA 490D            LDR              R1, =0xe000ed00
  252 000000EC 480D            LDR              R0, =0x05fa0004
  253 000000EE 60C8            STR              R0, [R1, #0xC]
  254 000000F0 F3BF 8F4F       DSB
  255 000000F4 E7FE            B                .
  256 000000F6 4770    SysStart
                               BX               LR
  257 000000F8                 ENDP
  258 000000F8         
  259 000000F8         ; Dummy Exception Handlers
  260 000000F8         NMI_Handler
                               PROC
  261 000000F8                 EXPORT           NMI_Handler                    
 [WEAK]
  262 000000F8 E7FE            B                .
  263 000000FA                 ENDP
  264 000000FA         
  265 000000FA         HardFault_Handler
                               PROC
  266 000000FA                 EXPORT           HardFault_Handler              
 [WEAK]
  267 000000FA E7FE            B                .
  268 000000FC                 ENDP
  269 000000FC         
  270 000000FC         SVC_Handler
                               PROC
  271 000000FC                 EXPORT           SVC_Handler                    
 [WEAK]
  272 000000FC E7FE            B                .
  273 000000FE                 ENDP
  274 000000FE         
  275 000000FE         PendSV_Handler
                               PROC
  276 000000FE                 EXPORT           PendSV_Handler                 
 [WEAK]



ARM Macro Assembler    Page 7 


  277 000000FE E7FE            B                .
  278 00000100                 ENDP
  279 00000100         
  280 00000100         SysTick_Handler
                               PROC
  281 00000100                 EXPORT           SysTick_Handler                
 [WEAK]
  282 00000100 E7FE            B                .
  283 00000102                 ENDP
  284 00000102         
  285 00000102         Default_Handler
                               PROC
  286 00000102                 EXPORT           LVD_BOD_IRQHandler             
 [WEAK]
  287 00000102                 EXPORT           RTC_IRQHandler                 
 [WEAK]
  288 00000102                 EXPORT           FLASH_IRQHandler               
 [WEAK]
  289 00000102                 EXPORT           EVWUP_IRQHandler               
 [WEAK]
  290 00000102                 EXPORT           EXTI0_1_IRQHandler             
 [WEAK]
  291 00000102                 EXPORT           EXTI2_3_IRQHandler             
 [WEAK]
  292 00000102                 EXPORT           EXTI4_15_IRQHandler            
 [WEAK]
  293 00000102                 EXPORT           COMP_IRQHandler                
 [WEAK]
  294 00000102                 EXPORT           ADC_IRQHandler                 
 [WEAK]
  295 00000102                 EXPORT           MCTM0_IRQHandler               
 [WEAK]
  296 00000102                 EXPORT           GPTM1_IRQHandler               
 [WEAK]
  297 00000102                 EXPORT           GPTM0_IRQHandler               
 [WEAK]
  298 00000102                 EXPORT           SCTM0_IRQHandler               
 [WEAK]
  299 00000102                 EXPORT           SCTM1_IRQHandler               
 [WEAK]
  300 00000102                 EXPORT           SCTM2_IRQHandler               
 [WEAK]
  301 00000102                 EXPORT           SCTM3_IRQHandler               
 [WEAK]
  302 00000102                 EXPORT           PWM0_IRQHandler                
 [WEAK]
  303 00000102                 EXPORT           PWM1_IRQHandler                
 [WEAK]
  304 00000102                 EXPORT           BFTM0_IRQHandler               
 [WEAK]
  305 00000102                 EXPORT           BFTM1_IRQHandler               
 [WEAK]
  306 00000102                 EXPORT           I2C0_IRQHandler                
 [WEAK]
  307 00000102                 EXPORT           I2C1_IRQHandler                
 [WEAK]
  308 00000102                 EXPORT           SPI0_IRQHandler                
 [WEAK]
  309 00000102                 EXPORT           SPI1_IRQHandler                



ARM Macro Assembler    Page 8 


 [WEAK]
  310 00000102                 EXPORT           USART0_IRQHandler              
 [WEAK]
  311 00000102                 EXPORT           USART1_IRQHandler              
 [WEAK]
  312 00000102                 EXPORT           UART0_IRQHandler               
 [WEAK]
  313 00000102                 EXPORT           UART1_IRQHandler               
 [WEAK]
  314 00000102                 EXPORT           UART2_IRQHandler               
 [WEAK]
  315 00000102                 EXPORT           UART3_IRQHandler               
 [WEAK]
  316 00000102                 EXPORT           SCI_IRQHandler                 
 [WEAK]
  317 00000102                 EXPORT           I2S_IRQHandler                 
 [WEAK]
  318 00000102                 EXPORT           AES_IRQHandler                 
 [WEAK]
  319 00000102                 EXPORT           USB_IRQHandler                 
 [WEAK]
  320 00000102                 EXPORT           PDMA_CH0_1_IRQHandler          
 [WEAK]
  321 00000102                 EXPORT           PDMA_CH2_5_IRQHandler          
 [WEAK]
  322 00000102         
  323 00000102         LVD_BOD_IRQHandler
  324 00000102         RTC_IRQHandler
  325 00000102         FLASH_IRQHandler
  326 00000102         EVWUP_IRQHandler
  327 00000102         EXTI0_1_IRQHandler
  328 00000102         EXTI2_3_IRQHandler
  329 00000102         EXTI4_15_IRQHandler
  330 00000102         COMP_IRQHandler
  331 00000102         ADC_IRQHandler
  332 00000102         MCTM0_IRQHandler
  333 00000102         GPTM1_IRQHandler
  334 00000102         GPTM0_IRQHandler
  335 00000102         SCTM0_IRQHandler
  336 00000102         SCTM1_IRQHandler
  337 00000102         SCTM2_IRQHandler
  338 00000102         SCTM3_IRQHandler
  339 00000102         PWM0_IRQHandler
  340 00000102         PWM1_IRQHandler
  341 00000102         BFTM0_IRQHandler
  342 00000102         BFTM1_IRQHandler
  343 00000102         I2C0_IRQHandler
  344 00000102         I2C1_IRQHandler
  345 00000102         I2C2_IRQHandler
  346 00000102         SPI0_IRQHandler
  347 00000102         SPI1_IRQHandler
  348 00000102         USART0_IRQHandler
  349 00000102         USART1_IRQHandler
  350 00000102         UART0_IRQHandler
  351 00000102         UART1_IRQHandler
  352 00000102         UART2_IRQHandler
  353 00000102         UART3_IRQHandler
  354 00000102         SCI_IRQHandler
  355 00000102         I2S_IRQHandler



ARM Macro Assembler    Page 9 


  356 00000102         AES_IRQHandler
  357 00000102         USB_IRQHandler
  358 00000102         PDMA_CH0_1_IRQHandler
  359 00000102         PDMA_CH2_5_IRQHandler
  360 00000102 E7FE            B                .
  361 00000104                 ENDP
  362 00000104         
  363 00000104                 ALIGN
  364 00000104         
  365 00000104         ;*******************************************************
                       ************************
  366 00000104         ; User Stack and Heap initialization
  367 00000104         ;*******************************************************
                       ************************
  368 00000104                 IF               :DEF:__MICROLIB
  375 00000104         
  376 00000104                 IMPORT           __use_two_region_memory
  377 00000104                 EXPORT           __user_initial_stackheap
  378 00000104         __user_initial_stackheap
  379 00000104         
  380 00000104 4808            LDR              R0, =  Heap_Mem
  381 00000106 4909            LDR              R1, = (Stack_Mem + Stack_Size)
  382 00000108 4A07            LDR              R2, = (Heap_Mem + Heap_Size)
  383 0000010A 4B09            LDR              R3, = Stack_Mem
  384 0000010C 4770            BX               LR
  385 0000010E         
  386 0000010E 00 00           ALIGN
  387 00000110         
  388 00000110                 ENDIF
  389 00000110         
  390 00000110                 END
              00000000 
              00000000 
              00000000 
              40080300 
              E000ED00 
              05FA0004 
              00000000 
              00000200 
              00000000 
Command Line: --debug --xref --diag_suppress=9931 --cpu=Cortex-M0+ --apcs=inter
work --depend=.\objects\startup_ht32f52342_52.d -o.\objects\startup_ht32f52342_
52.o -I.\RTE\_HT32F52 -IC:\Keil_v5\ARM\PACK\ARM\CMSIS\5.3.0\CMSIS\Include -IC:\
Keil_v5\ARM\PACK\Holtek\HT32_DFP\1.0.10\ARM\INC\Holtek\HT32F5xxxx -IC:\Keil_v5\
ARM\PACK\Holtek\HT32_DFP\1.0.10\ARM\INC\Holtek\HT32F520xx --predefine="__EVAL S
ETA 1" --predefine="__UVISION_VERSION SETA 523" --predefine="_RTE_ SETA 1" --pr
edefine="USE_HT32F52342_52 SETA 1" --list=.\listings\startup_ht32f52342_52.lst 
RTE\Device\HT32F52352\startup_ht32f52342_52.s



ARM Macro Assembler    Page 1 Alphabetic symbol ordering
Relocatable symbols

STACK 00000000

Symbol: STACK
   Definitions
      At line 65 in file RTE\Device\HT32F52352\startup_ht32f52342_52.s
   Uses
      None
Comment: STACK unused
Stack_Mem 00000000

Symbol: Stack_Mem
   Definitions
      At line 66 in file RTE\Device\HT32F52352\startup_ht32f52342_52.s
   Uses
      At line 381 in file RTE\Device\HT32F52352\startup_ht32f52342_52.s
      At line 383 in file RTE\Device\HT32F52352\startup_ht32f52342_52.s

__initial_sp 00000200

Symbol: __initial_sp
   Definitions
      At line 67 in file RTE\Device\HT32F52352\startup_ht32f52342_52.s
   Uses
      At line 87 in file RTE\Device\HT32F52352\startup_ht32f52342_52.s
Comment: __initial_sp used once
3 symbols



ARM Macro Assembler    Page 1 Alphabetic symbol ordering
Relocatable symbols

HEAP 00000000

Symbol: HEAP
   Definitions
      At line 72 in file RTE\Device\HT32F52352\startup_ht32f52342_52.s
   Uses
      None
Comment: HEAP unused
Heap_Mem 00000000

Symbol: Heap_Mem
   Definitions
      At line 74 in file RTE\Device\HT32F52352\startup_ht32f52342_52.s
   Uses
      At line 380 in file RTE\Device\HT32F52352\startup_ht32f52342_52.s
      At line 382 in file RTE\Device\HT32F52352\startup_ht32f52342_52.s

__heap_base 00000000

Symbol: __heap_base
   Definitions
      At line 73 in file RTE\Device\HT32F52352\startup_ht32f52342_52.s
   Uses
      None
Comment: __heap_base unused
__heap_limit 00000000

Symbol: __heap_limit
   Definitions
      At line 75 in file RTE\Device\HT32F52352\startup_ht32f52342_52.s
   Uses
      None
Comment: __heap_limit unused
4 symbols



ARM Macro Assembler    Page 1 Alphabetic symbol ordering
Relocatable symbols

ADC_IRQHandler 00000102

Symbol: ADC_IRQHandler
   Definitions
      At line 331 in file RTE\Device\HT32F52352\startup_ht32f52342_52.s
   Uses
      At line 124 in file RTE\Device\HT32F52352\startup_ht32f52342_52.s
      At line 294 in file RTE\Device\HT32F52352\startup_ht32f52342_52.s

AES_IRQHandler 00000102

Symbol: AES_IRQHandler
   Definitions
      At line 356 in file RTE\Device\HT32F52352\startup_ht32f52342_52.s
   Uses
      At line 318 in file RTE\Device\HT32F52352\startup_ht32f52342_52.s
Comment: AES_IRQHandler used once
BFTM0_IRQHandler 00000102

Symbol: BFTM0_IRQHandler
   Definitions
      At line 341 in file RTE\Device\HT32F52352\startup_ht32f52342_52.s
   Uses
      At line 161 in file RTE\Device\HT32F52352\startup_ht32f52342_52.s
      At line 304 in file RTE\Device\HT32F52352\startup_ht32f52342_52.s

BFTM1_IRQHandler 00000102

Symbol: BFTM1_IRQHandler
   Definitions
      At line 342 in file RTE\Device\HT32F52352\startup_ht32f52342_52.s
   Uses
      At line 165 in file RTE\Device\HT32F52352\startup_ht32f52342_52.s
      At line 305 in file RTE\Device\HT32F52352\startup_ht32f52342_52.s

BootProcess 000000CC

Symbol: BootProcess
   Definitions
      At line 236 in file RTE\Device\HT32F52352\startup_ht32f52342_52.s
   Uses
      At line 228 in file RTE\Device\HT32F52352\startup_ht32f52342_52.s
Comment: BootProcess used once
COMP_IRQHandler 00000102

Symbol: COMP_IRQHandler
   Definitions
      At line 330 in file RTE\Device\HT32F52352\startup_ht32f52342_52.s
   Uses
      At line 117 in file RTE\Device\HT32F52352\startup_ht32f52342_52.s
      At line 293 in file RTE\Device\HT32F52352\startup_ht32f52342_52.s

Default_Handler 00000102

Symbol: Default_Handler
   Definitions
      At line 285 in file RTE\Device\HT32F52352\startup_ht32f52342_52.s
   Uses
      None



ARM Macro Assembler    Page 2 Alphabetic symbol ordering
Relocatable symbols

Comment: Default_Handler unused
EVWUP_IRQHandler 00000102

Symbol: EVWUP_IRQHandler
   Definitions
      At line 326 in file RTE\Device\HT32F52352\startup_ht32f52342_52.s
   Uses
      At line 112 in file RTE\Device\HT32F52352\startup_ht32f52342_52.s
      At line 289 in file RTE\Device\HT32F52352\startup_ht32f52342_52.s

EXTI0_1_IRQHandler 00000102

Symbol: EXTI0_1_IRQHandler
   Definitions
      At line 327 in file RTE\Device\HT32F52352\startup_ht32f52342_52.s
   Uses
      At line 113 in file RTE\Device\HT32F52352\startup_ht32f52342_52.s
      At line 290 in file RTE\Device\HT32F52352\startup_ht32f52342_52.s

EXTI2_3_IRQHandler 00000102

Symbol: EXTI2_3_IRQHandler
   Definitions
      At line 328 in file RTE\Device\HT32F52352\startup_ht32f52342_52.s
   Uses
      At line 114 in file RTE\Device\HT32F52352\startup_ht32f52342_52.s
      At line 291 in file RTE\Device\HT32F52352\startup_ht32f52342_52.s

EXTI4_15_IRQHandler 00000102

Symbol: EXTI4_15_IRQHandler
   Definitions
      At line 329 in file RTE\Device\HT32F52352\startup_ht32f52342_52.s
   Uses
      At line 115 in file RTE\Device\HT32F52352\startup_ht32f52342_52.s
      At line 292 in file RTE\Device\HT32F52352\startup_ht32f52342_52.s

FLASH_IRQHandler 00000102

Symbol: FLASH_IRQHandler
   Definitions
      At line 325 in file RTE\Device\HT32F52352\startup_ht32f52342_52.s
   Uses
      At line 111 in file RTE\Device\HT32F52352\startup_ht32f52342_52.s
      At line 288 in file RTE\Device\HT32F52352\startup_ht32f52342_52.s

GPTM0_IRQHandler 00000102

Symbol: GPTM0_IRQHandler
   Definitions
      At line 334 in file RTE\Device\HT32F52352\startup_ht32f52342_52.s
   Uses
      At line 141 in file RTE\Device\HT32F52352\startup_ht32f52342_52.s
      At line 297 in file RTE\Device\HT32F52352\startup_ht32f52342_52.s

GPTM1_IRQHandler 00000102

Symbol: GPTM1_IRQHandler
   Definitions



ARM Macro Assembler    Page 3 Alphabetic symbol ordering
Relocatable symbols

      At line 333 in file RTE\Device\HT32F52352\startup_ht32f52342_52.s
   Uses
      At line 137 in file RTE\Device\HT32F52352\startup_ht32f52342_52.s
      At line 296 in file RTE\Device\HT32F52352\startup_ht32f52342_52.s

HardFault_Handler 000000FA

Symbol: HardFault_Handler
   Definitions
      At line 265 in file RTE\Device\HT32F52352\startup_ht32f52342_52.s
   Uses
      At line 90 in file RTE\Device\HT32F52352\startup_ht32f52342_52.s
      At line 266 in file RTE\Device\HT32F52352\startup_ht32f52342_52.s

I2C0_IRQHandler 00000102

Symbol: I2C0_IRQHandler
   Definitions
      At line 343 in file RTE\Device\HT32F52352\startup_ht32f52342_52.s
   Uses
      At line 167 in file RTE\Device\HT32F52352\startup_ht32f52342_52.s
      At line 306 in file RTE\Device\HT32F52352\startup_ht32f52342_52.s

I2C1_IRQHandler 00000102

Symbol: I2C1_IRQHandler
   Definitions
      At line 344 in file RTE\Device\HT32F52352\startup_ht32f52342_52.s
   Uses
      At line 171 in file RTE\Device\HT32F52352\startup_ht32f52342_52.s
      At line 307 in file RTE\Device\HT32F52352\startup_ht32f52342_52.s

I2C2_IRQHandler 00000102

Symbol: I2C2_IRQHandler
   Definitions
      At line 345 in file RTE\Device\HT32F52352\startup_ht32f52342_52.s
   Uses
      None
Comment: I2C2_IRQHandler unused
I2S_IRQHandler 00000102

Symbol: I2S_IRQHandler
   Definitions
      At line 355 in file RTE\Device\HT32F52352\startup_ht32f52342_52.s
   Uses
      At line 201 in file RTE\Device\HT32F52352\startup_ht32f52342_52.s
      At line 317 in file RTE\Device\HT32F52352\startup_ht32f52342_52.s

LVD_BOD_IRQHandler 00000102

Symbol: LVD_BOD_IRQHandler
   Definitions
      At line 323 in file RTE\Device\HT32F52352\startup_ht32f52342_52.s
   Uses
      At line 105 in file RTE\Device\HT32F52352\startup_ht32f52342_52.s
      At line 286 in file RTE\Device\HT32F52352\startup_ht32f52342_52.s

MCTM0_IRQHandler 00000102



ARM Macro Assembler    Page 4 Alphabetic symbol ordering
Relocatable symbols


Symbol: MCTM0_IRQHandler
   Definitions
      At line 332 in file RTE\Device\HT32F52352\startup_ht32f52342_52.s
   Uses
      At line 134 in file RTE\Device\HT32F52352\startup_ht32f52342_52.s
      At line 295 in file RTE\Device\HT32F52352\startup_ht32f52342_52.s

NMI_Handler 000000F8

Symbol: NMI_Handler
   Definitions
      At line 260 in file RTE\Device\HT32F52352\startup_ht32f52342_52.s
   Uses
      At line 89 in file RTE\Device\HT32F52352\startup_ht32f52342_52.s
      At line 261 in file RTE\Device\HT32F52352\startup_ht32f52342_52.s

PDMA_CH0_1_IRQHandler 00000102

Symbol: PDMA_CH0_1_IRQHandler
   Definitions
      At line 358 in file RTE\Device\HT32F52352\startup_ht32f52342_52.s
   Uses
      At line 219 in file RTE\Device\HT32F52352\startup_ht32f52342_52.s
      At line 320 in file RTE\Device\HT32F52352\startup_ht32f52342_52.s

PDMA_CH2_5_IRQHandler 00000102

Symbol: PDMA_CH2_5_IRQHandler
   Definitions
      At line 359 in file RTE\Device\HT32F52352\startup_ht32f52342_52.s
   Uses
      At line 220 in file RTE\Device\HT32F52352\startup_ht32f52342_52.s
      At line 321 in file RTE\Device\HT32F52352\startup_ht32f52342_52.s

PWM0_IRQHandler 00000102

Symbol: PWM0_IRQHandler
   Definitions
      At line 339 in file RTE\Device\HT32F52352\startup_ht32f52342_52.s
   Uses
      At line 302 in file RTE\Device\HT32F52352\startup_ht32f52342_52.s
Comment: PWM0_IRQHandler used once
PWM1_IRQHandler 00000102

Symbol: PWM1_IRQHandler
   Definitions
      At line 340 in file RTE\Device\HT32F52352\startup_ht32f52342_52.s
   Uses
      At line 303 in file RTE\Device\HT32F52352\startup_ht32f52342_52.s
Comment: PWM1_IRQHandler used once
PendSV_Handler 000000FE

Symbol: PendSV_Handler
   Definitions
      At line 275 in file RTE\Device\HT32F52352\startup_ht32f52342_52.s
   Uses
      At line 101 in file RTE\Device\HT32F52352\startup_ht32f52342_52.s
      At line 276 in file RTE\Device\HT32F52352\startup_ht32f52342_52.s



ARM Macro Assembler    Page 5 Alphabetic symbol ordering
Relocatable symbols


RESET 00000000

Symbol: RESET
   Definitions
      At line 83 in file RTE\Device\HT32F52352\startup_ht32f52342_52.s
   Uses
      None
Comment: RESET unused
RTC_IRQHandler 00000102

Symbol: RTC_IRQHandler
   Definitions
      At line 324 in file RTE\Device\HT32F52352\startup_ht32f52342_52.s
   Uses
      At line 109 in file RTE\Device\HT32F52352\startup_ht32f52342_52.s
      At line 287 in file RTE\Device\HT32F52352\startup_ht32f52342_52.s

Reset_Handler 000000C0

Symbol: Reset_Handler
   Definitions
      At line 224 in file RTE\Device\HT32F52352\startup_ht32f52342_52.s
   Uses
      At line 88 in file RTE\Device\HT32F52352\startup_ht32f52342_52.s
      At line 225 in file RTE\Device\HT32F52352\startup_ht32f52342_52.s

SCI_IRQHandler 00000102

Symbol: SCI_IRQHandler
   Definitions
      At line 354 in file RTE\Device\HT32F52352\startup_ht32f52342_52.s
   Uses
      At line 192 in file RTE\Device\HT32F52352\startup_ht32f52342_52.s
      At line 316 in file RTE\Device\HT32F52352\startup_ht32f52342_52.s

SCTM0_IRQHandler 00000102

Symbol: SCTM0_IRQHandler
   Definitions
      At line 335 in file RTE\Device\HT32F52352\startup_ht32f52342_52.s
   Uses
      At line 146 in file RTE\Device\HT32F52352\startup_ht32f52342_52.s
      At line 298 in file RTE\Device\HT32F52352\startup_ht32f52342_52.s

SCTM1_IRQHandler 00000102

Symbol: SCTM1_IRQHandler
   Definitions
      At line 336 in file RTE\Device\HT32F52352\startup_ht32f52342_52.s
   Uses
      At line 147 in file RTE\Device\HT32F52352\startup_ht32f52342_52.s
      At line 299 in file RTE\Device\HT32F52352\startup_ht32f52342_52.s

SCTM2_IRQHandler 00000102

Symbol: SCTM2_IRQHandler
   Definitions
      At line 337 in file RTE\Device\HT32F52352\startup_ht32f52342_52.s



ARM Macro Assembler    Page 6 Alphabetic symbol ordering
Relocatable symbols

   Uses
      At line 300 in file RTE\Device\HT32F52352\startup_ht32f52342_52.s
Comment: SCTM2_IRQHandler used once
SCTM3_IRQHandler 00000102

Symbol: SCTM3_IRQHandler
   Definitions
      At line 338 in file RTE\Device\HT32F52352\startup_ht32f52342_52.s
   Uses
      At line 301 in file RTE\Device\HT32F52352\startup_ht32f52342_52.s
Comment: SCTM3_IRQHandler used once
SPI0_IRQHandler 00000102

Symbol: SPI0_IRQHandler
   Definitions
      At line 346 in file RTE\Device\HT32F52352\startup_ht32f52342_52.s
   Uses
      At line 173 in file RTE\Device\HT32F52352\startup_ht32f52342_52.s
      At line 308 in file RTE\Device\HT32F52352\startup_ht32f52342_52.s

SPI1_IRQHandler 00000102

Symbol: SPI1_IRQHandler
   Definitions
      At line 347 in file RTE\Device\HT32F52352\startup_ht32f52342_52.s
   Uses
      At line 177 in file RTE\Device\HT32F52352\startup_ht32f52342_52.s
      At line 309 in file RTE\Device\HT32F52352\startup_ht32f52342_52.s

SVC_Handler 000000FC

Symbol: SVC_Handler
   Definitions
      At line 270 in file RTE\Device\HT32F52352\startup_ht32f52342_52.s
   Uses
      At line 98 in file RTE\Device\HT32F52352\startup_ht32f52342_52.s
      At line 271 in file RTE\Device\HT32F52352\startup_ht32f52342_52.s

SysStart 000000F6

Symbol: SysStart
   Definitions
      At line 256 in file RTE\Device\HT32F52352\startup_ht32f52342_52.s
   Uses
      At line 240 in file RTE\Device\HT32F52352\startup_ht32f52342_52.s
      At line 243 in file RTE\Device\HT32F52352\startup_ht32f52342_52.s
      At line 246 in file RTE\Device\HT32F52352\startup_ht32f52342_52.s
      At line 249 in file RTE\Device\HT32F52352\startup_ht32f52342_52.s

SysTick_Handler 00000100

Symbol: SysTick_Handler
   Definitions
      At line 280 in file RTE\Device\HT32F52352\startup_ht32f52342_52.s
   Uses
      At line 102 in file RTE\Device\HT32F52352\startup_ht32f52342_52.s
      At line 281 in file RTE\Device\HT32F52352\startup_ht32f52342_52.s

UART0_IRQHandler 00000102



ARM Macro Assembler    Page 7 Alphabetic symbol ordering
Relocatable symbols


Symbol: UART0_IRQHandler
   Definitions
      At line 350 in file RTE\Device\HT32F52352\startup_ht32f52342_52.s
   Uses
      At line 185 in file RTE\Device\HT32F52352\startup_ht32f52342_52.s
      At line 312 in file RTE\Device\HT32F52352\startup_ht32f52342_52.s

UART1_IRQHandler 00000102

Symbol: UART1_IRQHandler
   Definitions
      At line 351 in file RTE\Device\HT32F52352\startup_ht32f52342_52.s
   Uses
      At line 189 in file RTE\Device\HT32F52352\startup_ht32f52342_52.s
      At line 313 in file RTE\Device\HT32F52352\startup_ht32f52342_52.s

UART2_IRQHandler 00000102

Symbol: UART2_IRQHandler
   Definitions
      At line 352 in file RTE\Device\HT32F52352\startup_ht32f52342_52.s
   Uses
      At line 314 in file RTE\Device\HT32F52352\startup_ht32f52342_52.s
Comment: UART2_IRQHandler used once
UART3_IRQHandler 00000102

Symbol: UART3_IRQHandler
   Definitions
      At line 353 in file RTE\Device\HT32F52352\startup_ht32f52342_52.s
   Uses
      At line 315 in file RTE\Device\HT32F52352\startup_ht32f52342_52.s
Comment: UART3_IRQHandler used once
USART0_IRQHandler 00000102

Symbol: USART0_IRQHandler
   Definitions
      At line 348 in file RTE\Device\HT32F52352\startup_ht32f52342_52.s
   Uses
      At line 179 in file RTE\Device\HT32F52352\startup_ht32f52342_52.s
      At line 310 in file RTE\Device\HT32F52352\startup_ht32f52342_52.s

USART1_IRQHandler 00000102

Symbol: USART1_IRQHandler
   Definitions
      At line 349 in file RTE\Device\HT32F52352\startup_ht32f52342_52.s
   Uses
      At line 181 in file RTE\Device\HT32F52352\startup_ht32f52342_52.s
      At line 311 in file RTE\Device\HT32F52352\startup_ht32f52342_52.s

USB_IRQHandler 00000102

Symbol: USB_IRQHandler
   Definitions
      At line 357 in file RTE\Device\HT32F52352\startup_ht32f52342_52.s
   Uses
      At line 213 in file RTE\Device\HT32F52352\startup_ht32f52342_52.s
      At line 319 in file RTE\Device\HT32F52352\startup_ht32f52342_52.s



ARM Macro Assembler    Page 8 Alphabetic symbol ordering
Relocatable symbols


__Vectors 00000000

Symbol: __Vectors
   Definitions
      At line 86 in file RTE\Device\HT32F52352\startup_ht32f52342_52.s
   Uses
      At line 84 in file RTE\Device\HT32F52352\startup_ht32f52342_52.s
Comment: __Vectors used once
__user_initial_stackheap 00000104

Symbol: __user_initial_stackheap
   Definitions
      At line 378 in file RTE\Device\HT32F52352\startup_ht32f52342_52.s
   Uses
      At line 377 in file RTE\Device\HT32F52352\startup_ht32f52342_52.s
Comment: __user_initial_stackheap used once
49 symbols



ARM Macro Assembler    Page 1 Alphabetic symbol ordering
Absolute symbols

HT32F0008 00000006

Symbol: HT32F0008
   Definitions
      At line 53 in file RTE\Device\HT32F52352\startup_ht32f52342_52.s
   Uses
      At line 121 in file RTE\Device\HT32F52352\startup_ht32f52342_52.s
      At line 131 in file RTE\Device\HT32F52352\startup_ht32f52342_52.s
      At line 142 in file RTE\Device\HT32F52352\startup_ht32f52342_52.s
      At line 153 in file RTE\Device\HT32F52352\startup_ht32f52342_52.s
      At line 168 in file RTE\Device\HT32F52352\startup_ht32f52342_52.s
      At line 174 in file RTE\Device\HT32F52352\startup_ht32f52342_52.s
      At line 186 in file RTE\Device\HT32F52352\startup_ht32f52342_52.s
      At line 197 in file RTE\Device\HT32F52352\startup_ht32f52342_52.s
      At line 209 in file RTE\Device\HT32F52352\startup_ht32f52342_52.s
      At line 212 in file RTE\Device\HT32F52352\startup_ht32f52342_52.s
      At line 218 in file RTE\Device\HT32F52352\startup_ht32f52342_52.s

HT32F52220_30 00000001

Symbol: HT32F52220_30
   Definitions
      At line 48 in file RTE\Device\HT32F52352\startup_ht32f52342_52.s
   Uses
      At line 106 in file RTE\Device\HT32F52352\startup_ht32f52342_52.s
      At line 131 in file RTE\Device\HT32F52352\startup_ht32f52342_52.s
      At line 157 in file RTE\Device\HT32F52352\startup_ht32f52342_52.s
      At line 162 in file RTE\Device\HT32F52352\startup_ht32f52342_52.s
      At line 168 in file RTE\Device\HT32F52352\startup_ht32f52342_52.s
      At line 174 in file RTE\Device\HT32F52352\startup_ht32f52342_52.s
      At line 186 in file RTE\Device\HT32F52352\startup_ht32f52342_52.s

HT32F52231_41 00000002

Symbol: HT32F52231_41
   Definitions
      At line 49 in file RTE\Device\HT32F52352\startup_ht32f52342_52.s
   Uses
      At line 149 in file RTE\Device\HT32F52352\startup_ht32f52342_52.s
Comment: HT32F52231_41 used once
HT32F52243_53 00000005

Symbol: HT32F52243_53
   Definitions
      At line 52 in file RTE\Device\HT32F52352\startup_ht32f52342_52.s
   Uses
      At line 126 in file RTE\Device\HT32F52352\startup_ht32f52342_52.s
      At line 149 in file RTE\Device\HT32F52352\startup_ht32f52342_52.s
      At line 180 in file RTE\Device\HT32F52352\startup_ht32f52342_52.s
      At line 194 in file RTE\Device\HT32F52352\startup_ht32f52342_52.s
      At line 206 in file RTE\Device\HT32F52352\startup_ht32f52342_52.s
      At line 215 in file RTE\Device\HT32F52352\startup_ht32f52342_52.s
      At line 218 in file RTE\Device\HT32F52352\startup_ht32f52342_52.s

HT32F52331_41 00000003

Symbol: HT32F52331_41
   Definitions
      At line 50 in file RTE\Device\HT32F52352\startup_ht32f52342_52.s



ARM Macro Assembler    Page 2 Alphabetic symbol ordering
Absolute symbols

   Uses
      At line 149 in file RTE\Device\HT32F52352\startup_ht32f52342_52.s
      At line 191 in file RTE\Device\HT32F52352\startup_ht32f52342_52.s
      At line 203 in file RTE\Device\HT32F52352\startup_ht32f52342_52.s
      At line 212 in file RTE\Device\HT32F52352\startup_ht32f52342_52.s

HT32F52342_52 00000004

Symbol: HT32F52342_52
   Definitions
      At line 51 in file RTE\Device\HT32F52352\startup_ht32f52342_52.s
   Uses
      At line 116 in file RTE\Device\HT32F52352\startup_ht32f52342_52.s
      At line 136 in file RTE\Device\HT32F52352\startup_ht32f52342_52.s
      At line 157 in file RTE\Device\HT32F52352\startup_ht32f52342_52.s
      At line 180 in file RTE\Device\HT32F52352\startup_ht32f52342_52.s
      At line 191 in file RTE\Device\HT32F52352\startup_ht32f52342_52.s
      At line 200 in file RTE\Device\HT32F52352\startup_ht32f52342_52.s
      At line 212 in file RTE\Device\HT32F52352\startup_ht32f52342_52.s
      At line 218 in file RTE\Device\HT32F52352\startup_ht32f52342_52.s

Heap_Size 00000000

Symbol: Heap_Size
   Definitions
      At line 70 in file RTE\Device\HT32F52352\startup_ht32f52342_52.s
   Uses
      At line 74 in file RTE\Device\HT32F52352\startup_ht32f52342_52.s
      At line 382 in file RTE\Device\HT32F52352\startup_ht32f52342_52.s

Stack_Size 00000200

Symbol: Stack_Size
   Definitions
      At line 63 in file RTE\Device\HT32F52352\startup_ht32f52342_52.s
   Uses
      At line 66 in file RTE\Device\HT32F52352\startup_ht32f52342_52.s
      At line 381 in file RTE\Device\HT32F52352\startup_ht32f52342_52.s

USE_HT32_CHIP 00000004

Symbol: USE_HT32_CHIP
   Definitions
      At line 57 in file RTE\Device\HT32F52352\startup_ht32f52342_52.s
   Uses
      At line 106 in file RTE\Device\HT32F52352\startup_ht32f52342_52.s
      At line 116 in file RTE\Device\HT32F52352\startup_ht32f52342_52.s
      At line 121 in file RTE\Device\HT32F52352\startup_ht32f52342_52.s
      At line 126 in file RTE\Device\HT32F52352\startup_ht32f52342_52.s
      At line 131 in file RTE\Device\HT32F52352\startup_ht32f52342_52.s
      At line 131 in file RTE\Device\HT32F52352\startup_ht32f52342_52.s
      At line 136 in file RTE\Device\HT32F52352\startup_ht32f52342_52.s
      At line 142 in file RTE\Device\HT32F52352\startup_ht32f52342_52.s
      At line 149 in file RTE\Device\HT32F52352\startup_ht32f52342_52.s
      At line 149 in file RTE\Device\HT32F52352\startup_ht32f52342_52.s
      At line 149 in file RTE\Device\HT32F52352\startup_ht32f52342_52.s
      At line 153 in file RTE\Device\HT32F52352\startup_ht32f52342_52.s
      At line 157 in file RTE\Device\HT32F52352\startup_ht32f52342_52.s
      At line 157 in file RTE\Device\HT32F52352\startup_ht32f52342_52.s



ARM Macro Assembler    Page 3 Alphabetic symbol ordering
Absolute symbols

      At line 162 in file RTE\Device\HT32F52352\startup_ht32f52342_52.s
      At line 168 in file RTE\Device\HT32F52352\startup_ht32f52342_52.s
      At line 168 in file RTE\Device\HT32F52352\startup_ht32f52342_52.s
      At line 174 in file RTE\Device\HT32F52352\startup_ht32f52342_52.s
      At line 174 in file RTE\Device\HT32F52352\startup_ht32f52342_52.s
      At line 180 in file RTE\Device\HT32F52352\startup_ht32f52342_52.s
      At line 180 in file RTE\Device\HT32F52352\startup_ht32f52342_52.s
      At line 186 in file RTE\Device\HT32F52352\startup_ht32f52342_52.s
      At line 186 in file RTE\Device\HT32F52352\startup_ht32f52342_52.s
      At line 191 in file RTE\Device\HT32F52352\startup_ht32f52342_52.s
      At line 191 in file RTE\Device\HT32F52352\startup_ht32f52342_52.s
      At line 194 in file RTE\Device\HT32F52352\startup_ht32f52342_52.s
      At line 197 in file RTE\Device\HT32F52352\startup_ht32f52342_52.s
      At line 200 in file RTE\Device\HT32F52352\startup_ht32f52342_52.s
      At line 203 in file RTE\Device\HT32F52352\startup_ht32f52342_52.s
      At line 206 in file RTE\Device\HT32F52352\startup_ht32f52342_52.s
      At line 209 in file RTE\Device\HT32F52352\startup_ht32f52342_52.s
      At line 212 in file RTE\Device\HT32F52352\startup_ht32f52342_52.s
      At line 212 in file RTE\Device\HT32F52352\startup_ht32f52342_52.s
      At line 212 in file RTE\Device\HT32F52352\startup_ht32f52342_52.s
      At line 215 in file RTE\Device\HT32F52352\startup_ht32f52342_52.s
      At line 218 in file RTE\Device\HT32F52352\startup_ht32f52342_52.s
      At line 218 in file RTE\Device\HT32F52352\startup_ht32f52342_52.s
      At line 218 in file RTE\Device\HT32F52352\startup_ht32f52342_52.s

USE_HT32_CHIP_SET 00000004

Symbol: USE_HT32_CHIP_SET
   Definitions
      At line 33 in file RTE\Device\HT32F52352\startup_ht32f52342_52.s
   Uses
      At line 55 in file RTE\Device\HT32F52352\startup_ht32f52342_52.s
      At line 57 in file RTE\Device\HT32F52352\startup_ht32f52342_52.s

_HT32FWID FFFFFFFF

Symbol: _HT32FWID
   Definitions
      At line 35 in file RTE\Device\HT32F52352\startup_ht32f52342_52.s
   Uses
      At line 95 in file RTE\Device\HT32F52352\startup_ht32f52342_52.s
Comment: _HT32FWID used once
_RESERVED FFFFFFFF

Symbol: _RESERVED
   Definitions
      At line 85 in file RTE\Device\HT32F52352\startup_ht32f52342_52.s
   Uses
      At line 91 in file RTE\Device\HT32F52352\startup_ht32f52342_52.s
      At line 92 in file RTE\Device\HT32F52352\startup_ht32f52342_52.s
      At line 93 in file RTE\Device\HT32F52352\startup_ht32f52342_52.s
      At line 94 in file RTE\Device\HT32F52352\startup_ht32f52342_52.s
      At line 96 in file RTE\Device\HT32F52352\startup_ht32f52342_52.s
      At line 97 in file RTE\Device\HT32F52352\startup_ht32f52342_52.s
      At line 99 in file RTE\Device\HT32F52352\startup_ht32f52342_52.s
      At line 100 in file RTE\Device\HT32F52352\startup_ht32f52342_52.s
      At line 129 in file RTE\Device\HT32F52352\startup_ht32f52342_52.s
      At line 158 in file RTE\Device\HT32F52352\startup_ht32f52342_52.s
      At line 159 in file RTE\Device\HT32F52352\startup_ht32f52342_52.s



ARM Macro Assembler    Page 4 Alphabetic symbol ordering
Absolute symbols


12 symbols



ARM Macro Assembler    Page 1 Alphabetic symbol ordering
External symbols

SystemInit 00000000

Symbol: SystemInit
   Definitions
      At line 226 in file RTE\Device\HT32F52352\startup_ht32f52342_52.s
   Uses
      At line 230 in file RTE\Device\HT32F52352\startup_ht32f52342_52.s
Comment: SystemInit used once
__main 00000000

Symbol: __main
   Definitions
      At line 227 in file RTE\Device\HT32F52352\startup_ht32f52342_52.s
   Uses
      At line 232 in file RTE\Device\HT32F52352\startup_ht32f52342_52.s
Comment: __main used once
__use_two_region_memory 00000000

Symbol: __use_two_region_memory
   Definitions
      At line 376 in file RTE\Device\HT32F52352\startup_ht32f52342_52.s
   Uses
      None
Comment: __use_two_region_memory unused
3 symbols
409 symbols in table
